<?xml version="1.0" encoding="UTF-8"?>
<!-- Generated by org.testng.reporters.JUnitReportReporter -->
<testsuite hostname="DESKTOP-PITCU2K" failures="0" tests="1" name="tests.Example_WebTable" time="50.630" errors="0" timestamp="2024-06-27T11:52:30 IST" skipped="0">
  <testcase classname="tests.Example_WebTable" name="readWebTable" time="50.630"/>
</testsuite> <!-- tests.Example_WebTable -->
