<?xml version="1.0" encoding="UTF-8"?>
<!-- Generated by org.testng.reporters.JUnitReportReporter -->
<testsuite hostname="DESKTOP-PITCU2K" failures="0" tests="3" name="runnerFiles.PHPRegressionRunner" time="30.401" errors="0" timestamp="2024-06-26T13:07:56 IST" skipped="0">
  <testcase classname="runnerFiles.PHPRegressionRunner" name="runScenario" time="9.003"/>
  <testcase classname="runnerFiles.PHPRegressionRunner" name="runScenario" time="9.485"/>
  <testcase classname="runnerFiles.PHPRegressionRunner" name="runScenario" time="11.913"/>
</testsuite> <!-- runnerFiles.PHPRegressionRunner -->
