<?xml version="1.0" encoding="UTF-8"?>
<!-- Generated by org.testng.reporters.JUnitReportReporter -->
<testsuite hostname="DESKTOP-PITCU2K" failures="0" tests="1" name="tests.ReadExcelSampleData" time="1.668" errors="0" timestamp="2024-06-19T12:59:13 IST" skipped="0">
  <testcase classname="tests.ReadExcelSampleData" name="readExcelData" time="1.668"/>
</testsuite> <!-- tests.ReadExcelSampleData -->
