<?xml version="1.0" encoding="UTF-8"?>
<!-- Generated by org.testng.reporters.JUnitReportReporter -->
<testsuite hostname="DESKTOP-PITCU2K" failures="0" tests="1" name="tests.ReadExcelUsingExcelUtil" time="1.742" errors="0" timestamp="2024-06-20T12:40:56 IST" skipped="0">
  <testcase classname="tests.ReadExcelUsingExcelUtil" name="readExcelData" time="1.742"/>
</testsuite> <!-- tests.ReadExcelUsingExcelUtil -->
