<?xml version="1.0" encoding="UTF-8"?>
<!-- Generated by org.testng.reporters.JUnitReportReporter -->
<testsuite hostname="DESKTOP-PITCU2K" failures="0" tests="1" name="tests.Example_FileUpload" time="18.091" errors="0" timestamp="2024-06-25T13:02:02 IST" skipped="0">
  <testcase classname="tests.Example_FileUpload" name="f" time="18.091"/>
</testsuite> <!-- tests.Example_FileUpload -->
