<?xml version="1.0" encoding="UTF-8"?>
<!-- Generated by org.testng.reporters.JUnitReportReporter -->
<testsuite hostname="DESKTOP-PITCU2K" failures="0" tests="1" name="tests.ReadPropertiesFile" time="0.017" errors="0" timestamp="2024-06-20T12:54:40 IST" skipped="0">
  <testcase classname="tests.ReadPropertiesFile" name="readConfigVariabls" time="0.017"/>
</testsuite> <!-- tests.ReadPropertiesFile -->
