<?xml version="1.0" encoding="UTF-8"?>
<!-- Generated by org.testng.reporters.JUnitReportReporter -->
<testsuite hostname="DESKTOP-PITCU2K" failures="0" tests="1" name="tests.ValidateDemo" time="2.380" errors="0" timestamp="2024-06-21T12:16:36 IST" skipped="0">
  <testcase classname="tests.ValidateDemo" name="f" time="2.380"/>
</testsuite> <!-- tests.ValidateDemo -->
